<?xml version="1.0" encoding="UTF-8"?>
<testsuites name="GutTests" failures="0" tests="174" >
  <testsuite name="tests/test_audio.gd" tests="6" failures="0" skipped="0" time="0.253925" >
      <testcase name="test_m5_audio_cues_are_deterministic_pcm" assertions="5" status="pass" classname="tests/test_audio.gd" time="0.004728" >
      </testcase>
      <testcase name="test_m5_audio_events_emit_even_when_output_is_disabled" assertions="1" status="pass" classname="tests/test_audio.gd" time="0.000204" >
      </testcase>
      <testcase name="test_casino_cue_palette_is_distinct_cached_pcm" assertions="39" status="pass" classname="tests/test_audio.gd" time="0.051816" >
      </testcase>
      <testcase name="test_floor_ambience_is_looped_and_has_idempotent_lifecycle" assertions="5" status="pass" classname="tests/test_audio.gd" time="0.196706" >
      </testcase>
      <testcase name="test_mute_keeps_semantic_events_without_creating_players" assertions="2" status="pass" classname="tests/test_audio.gd" time="0.000245" >
      </testcase>
      <testcase name="test_each_cabinet_maps_results_to_its_own_audio_language" assertions="6" status="pass" classname="tests/test_audio.gd" time="0.000226" >
      </testcase>
      </testsuite>
  <testsuite name="tests/test_blackjack_presentation.gd" tests="8" failures="0" skipped="0" time="1.356412" >
      <testcase name="test_totals_are_badged_beside_the_cards_and_actions_stay_controller_ready" assertions="15" status="pass" classname="tests/test_blackjack_presentation.gd" time="0.059895" >
      </testcase>
      <testcase name="test_dealer_idle_and_deal_gesture_are_presentation_only" assertions="4" status="pass" classname="tests/test_blackjack_presentation.gd" time="0.072284" >
      </testcase>
      <testcase name="test_dealer_marks_the_hole_card_reveal_with_a_distinct_gesture" assertions="4" status="pass" classname="tests/test_blackjack_presentation.gd" time="0.959337" >
      </testcase>
      <testcase name="test_reduced_dealer_uses_a_bounded_static_cue_and_stable_pose" assertions="6" status="pass" classname="tests/test_blackjack_presentation.gd" time="0.248114" >
      </testcase>
      <testcase name="test_live_stake_places_a_readable_wager_stack_on_the_felt" assertions="5" status="pass" classname="tests/test_blackjack_presentation.gd" time="0.004558" >
      </testcase>
      <testcase name="test_result_feedback_has_a_static_reduced_motion_end_state" assertions="8" status="pass" classname="tests/test_blackjack_presentation.gd" time="0.004098" >
      </testcase>
      <testcase name="test_preparing_next_round_clears_result_fx_and_replays_wager_placement" assertions="8" status="pass" classname="tests/test_blackjack_presentation.gd" time="0.004208" >
      </testcase>
      <testcase name="test_long_hands_keep_cards_clear_of_wager_and_total_badges" assertions="16" status="pass" classname="tests/test_blackjack_presentation.gd" time="0.003918" >
      </testcase>
      </testsuite>
  <testsuite name="tests/test_cabinet_live_feedback.gd" tests="4" failures="0" skipped="0" time="0.530262" >
      <testcase name="test_slot_formula_change_uses_a_bounded_semantic_handoff" assertions="10" status="pass" classname="tests/test_cabinet_live_feedback.gd" time="0.222447" >
      </testcase>
      <testcase name="test_blackjack_action_copy_and_newly_enabled_action_animate_together" assertions="6" status="pass" classname="tests/test_cabinet_live_feedback.gd" time="0.289588" >
      </testcase>
      <testcase name="test_vault_open_and_cashout_actions_acknowledge_live_round_state" assertions="5" status="pass" classname="tests/test_cabinet_live_feedback.gd" time="0.010555" >
      </testcase>
      <testcase name="test_reduced_motion_switch_snaps_all_feedback_to_exact_final_state" assertions="6" status="pass" classname="tests/test_cabinet_live_feedback.gd" time="0.007672" >
      </testcase>
      </testsuite>
  <testsuite name="tests/test_cashier_presentation.gd" tests="4" failures="0" skipped="0" time="0.867953" >
      <testcase name="test_cashier_financial_values_tick_and_repayment_launches_chips" assertions="15" status="pass" classname="tests/test_cashier_presentation.gd" time="0.633604" >
      </testcase>
      <testcase name="test_cashier_close_animates_then_releases_focus_and_hides" assertions="13" status="pass" classname="tests/test_cashier_presentation.gd" time="0.186007" >
      </testcase>
      <testcase name="test_reduced_cashier_feedback_keeps_final_state_without_chip_travel" assertions="8" status="pass" classname="tests/test_cashier_presentation.gd" time="0.003796" >
      </testcase>
      <testcase name="test_pair_ticker_snaps_to_authoritative_values_when_reduced_mid_animation" assertions="6" status="pass" classname="tests/test_cashier_presentation.gd" time="0.044546" >
      </testcase>
      </testsuite>
  <testsuite name="tests/test_character_atlas.gd" tests="4" failures="0" skipped="0" time="0.007767" >
      <testcase name="test_atlas_uses_exact_integer_cells_with_transparent_gutters" assertions="97" status="pass" classname="tests/test_character_atlas.gd" time="0.003192" >
      </testcase>
      <testcase name="test_all_direction_and_phase_regions_have_unique_pixels" assertions="65" status="pass" classname="tests/test_character_atlas.gd" time="0.003981" >
      </testcase>
      <testcase name="test_direction_mapping_preserves_all_eight_compass_facings" assertions="16" status="pass" classname="tests/test_character_atlas.gd" time="0.000307" >
      </testcase>
      <testcase name="test_avatar_advances_real_leg_frames_without_anchor_sliding" assertions="10" status="pass" classname="tests/test_character_atlas.gd" time="0.000287" >
      </testcase>
      </testsuite>
  <testsuite name="tests/test_domain.gd" tests="6" failures="0" skipped="0" time="0.042869" >
      <testcase name="test_slot_shipped_paytable_exhaustive_symbol_combinations" assertions="217" status="pass" classname="tests/test_domain.gd" time="0.003592" >
      </testcase>
      <testcase name="test_ac014_seed_and_inputs_reproduce_all_three_cabinets" assertions="600" status="pass" classname="tests/test_domain.gd" time="0.038481" >
      </testcase>
      <testcase name="test_blackjack_ace_revaluation_and_soft_seventeen" assertions="6" status="pass" classname="tests/test_domain.gd" time="0.000204" >
      </testcase>
      <testcase name="test_blackjack_natural_and_double_return_integer_chips" assertions="7" status="pass" classname="tests/test_domain.gd" time="0.000156" >
      </testcase>
      <testcase name="test_vault_unique_fixed_mines_cashout_and_duplicate_reveal" assertions="12" status="pass" classname="tests/test_domain.gd" time="0.000278" >
      </testcase>
      <testcase name="test_vault_all_clear_and_cap" assertions="4" status="pass" classname="tests/test_domain.gd" time="0.000158" >
      </testcase>
      </testsuite>
  <testsuite name="tests/test_floor_ambience.gd" tests="6" failures="0" skipped="0" time="0.553183" >
      <testcase name="test_floor_builds_three_distinct_noninteractive_patrons" assertions="5" status="pass" classname="tests/test_floor_ambience.gd" time="0.002113" >
      </testcase>
      <testcase name="test_patrons_live_inside_existing_solid_furniture_zones" assertions="6" status="pass" classname="tests/test_floor_ambience.gd" time="0.001839" >
      </testcase>
      <testcase name="test_patron_gestures_are_phase_staggered_and_have_calm_cadences" assertions="5" status="pass" classname="tests/test_floor_ambience.gd" time="0.001745" >
      </testcase>
      <testcase name="test_patrons_cycle_through_authored_limb_poses_without_moving_the_root" assertions="3" status="pass" classname="tests/test_floor_ambience.gd" time="0.001674" >
      </testcase>
      <testcase name="test_reduced_motion_holds_every_patron_joint_in_a_stable_rest_pose" assertions="4" status="pass" classname="tests/test_floor_ambience.gd" time="0.001799" >
      </testcase>
      <testcase name="test_camera_focus_is_bounded_and_recenters_after_leaving_machine" assertions="5" status="pass" classname="tests/test_floor_ambience.gd" time="0.544013" >
      </testcase>
      </testsuite>
  <testsuite name="tests/test_gpu_vfx.gd" tests="3" failures="0" skipped="0" time="0.001554" >
      <testcase name="test_impact_burst_selects_a_supported_particle_backend" assertions="5" status="pass" classname="tests/test_gpu_vfx.gd" time="0.000234" >
      </testcase>
      <testcase name="test_slot_symbol_installs_canvas_shader_without_changing_symbol_state" assertions="5" status="pass" classname="tests/test_gpu_vfx.gd" time="0.000579" >
      </testcase>
      <testcase name="test_slot_symbol_clamps_shader_velocity_parameter" assertions="4" status="pass" classname="tests/test_gpu_vfx.gd" time="0.000741" >
      </testcase>
      </testsuite>
  <testsuite name="tests/test_input.gd" tests="6" failures="0" skipped="0" time="0.174826" >
      <testcase name="test_ac037_every_gameplay_action_has_a_gamepad_button" assertions="18" status="pass" classname="tests/test_input.gd" time="0.000177" >
      </testcase>
      <testcase name="test_ac037_movement_supports_the_left_stick_and_dpad" assertions="4" status="pass" classname="tests/test_input.gd" time="0.000122" >
      </testcase>
      <testcase name="test_ac038_device_change_swaps_glyphs_and_live_floor_prompt" assertions="10" status="pass" classname="tests/test_input.gd" time="0.008749" >
      </testcase>
      <testcase name="test_gamepad_b_dismisses_join_and_a_reopens_before_joining" assertions="5" status="pass" classname="tests/test_input.gd" time="0.020982" >
      </testcase>
      <testcase name="test_ac037_active_gamepad_disconnect_pauses_until_reconnect" assertions="8" status="pass" classname="tests/test_input.gd" time="0.144468" >
      </testcase>
      <testcase name="test_ac039_dpad_and_left_stick_move_a_wrapping_snap_cursor" assertions="6" status="pass" classname="tests/test_input.gd" time="0.000328" >
      </testcase>
      </testsuite>
  <testsuite name="tests/test_menu_cashier_motion.gd" tests="5" failures="0" skipped="0" time="1.083487" >
      <testcase name="test_menu_reveal_stages_the_information_hierarchy_then_settles_exactly" assertions="11" status="pass" classname="tests/test_menu_cashier_motion.gd" time="0.483789" >
      </testcase>
      <testcase name="test_reduced_menu_reveal_is_immediately_complete" assertions="6" status="pass" classname="tests/test_menu_cashier_motion.gd" time="0.003181" >
      </testcase>
      <testcase name="test_cashier_content_reveal_is_bounded_and_restores_every_control" assertions="35" status="pass" classname="tests/test_menu_cashier_motion.gd" time="0.580161" >
      </testcase>
      <testcase name="test_reduced_motion_cancels_cashier_travel_at_authoritative_final_state" assertions="32" status="pass" classname="tests/test_menu_cashier_motion.gd" time="0.002884" >
      </testcase>
      <testcase name="test_main_shell_connects_cashier_visibility_to_the_content_director" assertions="3" status="pass" classname="tests/test_menu_cashier_motion.gd" time="0.013472" >
      </testcase>
      </testsuite>
  <testsuite name="tests/test_motion_components.gd" tests="13" failures="0" skipped="0" time="2.299245" >
      <testcase name="test_slot_spin_strength_is_clamped_and_presentation_only" assertions="3" status="pass" classname="tests/test_motion_components.gd" time="0.0007" >
      </testcase>
      <testcase name="test_playing_card_uses_real_suit_glyphs_and_logical_state_updates_immediately" assertions="5" status="pass" classname="tests/test_motion_components.gd" time="0.000333" >
      </testcase>
      <testcase name="test_vault_reveal_exposes_a_presentation_effect_hook" assertions="5" status="pass" classname="tests/test_motion_components.gd" time="0.231136" >
      </testcase>
      <testcase name="test_vault_tile_uses_authored_faces_for_every_state" assertions="7" status="pass" classname="tests/test_motion_components.gd" time="0.000208" >
      </testcase>
      <testcase name="test_vault_safe_reveal_finishes_with_a_pop_and_restored_scale" assertions="6" status="pass" classname="tests/test_motion_components.gd" time="0.483285" >
      </testcase>
      <testcase name="test_vault_reveal_has_physical_press_and_readable_mine_anticipation" assertions="4" status="pass" classname="tests/test_motion_components.gd" time="0.299654" >
      </testcase>
      <testcase name="test_vault_safe_effect_uses_procedural_diamond_shards" assertions="8" status="pass" classname="tests/test_motion_components.gd" time="0.000394" >
      </testcase>
      <testcase name="test_vault_mine_effect_layers_shockwave_debris_and_smoke" assertions="6" status="pass" classname="tests/test_motion_components.gd" time="0.000281" >
      </testcase>
      <testcase name="test_number_ticker_reaches_exact_target_and_handles_infinity" assertions="6" status="pass" classname="tests/test_motion_components.gd" time="0.649396" >
      </testcase>
      <testcase name="test_number_ticker_snaps_when_reduced_motion_changes_mid_count" assertions="4" status="pass" classname="tests/test_motion_components.gd" time="0.000312" >
      </testcase>
      <testcase name="test_primary_spin_button_has_a_restrained_idle_breath" assertions="2" status="pass" classname="tests/test_motion_components.gd" time="0.000358" >
      </testcase>
      <testcase name="test_win_burst_uses_integer_gutter_safe_regions" assertions="15" status="pass" classname="tests/test_motion_components.gd" time="0.000309" >
      </testcase>
      <testcase name="test_blackjack_input_unlocks_from_completed_deal_motion" assertions="5" status="pass" classname="tests/test_motion_components.gd" time="0.632879" >
      </testcase>
      </testsuite>
  <testsuite name="tests/test_motion_evidence.gd" tests="3" failures="0" skipped="0" time="0.325511" >
      <testcase name="test_motion_manifest_references_decodable_exact_fhd_frames" assertions="40" status="pass" classname="tests/test_motion_evidence.gd" time="0.275533" >
      </testcase>
      <testcase name="test_each_full_motion_sequence_contains_a_visible_temporal_change" assertions="12" status="pass" classname="tests/test_motion_evidence.gd" time="0.043088" >
      </testcase>
      <testcase name="test_reduced_motion_menu_holds_a_byte_stable_final_composition" assertions="5" status="pass" classname="tests/test_motion_evidence.gd" time="0.00689" >
      </testcase>
      </testsuite>
  <testsuite name="tests/test_motion_policy.gd" tests="15" failures="0" skipped="0" time="0.877943" >
      <testcase name="test_project_defaults_to_full_motion" assertions="4" status="pass" classname="tests/test_motion_policy.gd" time="0.000095" >
      </testcase>
      <testcase name="test_reduced_override_disables_persistent_and_camera_motion" assertions="4" status="pass" classname="tests/test_motion_policy.gd" time="0.000091" >
      </testcase>
      <testcase name="test_reduced_card_reveal_reaches_final_state_and_keeps_finite_feedback" assertions="4" status="pass" classname="tests/test_motion_policy.gd" time="0.184383" >
      </testcase>
      <testcase name="test_reduced_vault_reveal_completes_callbacks_in_headless" assertions="5" status="pass" classname="tests/test_motion_policy.gd" time="0.283642" >
      </testcase>
      <testcase name="test_reduced_vault_effect_keeps_static_acknowledgement_without_smoke" assertions="5" status="pass" classname="tests/test_motion_policy.gd" time="0.000339" >
      </testcase>
      <testcase name="test_reduced_floor_stops_dust_patrons_and_camera_emphasis" assertions="17" status="pass" classname="tests/test_motion_policy.gd" time="0.002445" >
      </testcase>
      <testcase name="test_reduced_spin_button_has_static_but_responsive_visual_state" assertions="2" status="pass" classname="tests/test_motion_policy.gd" time="0.000301" >
      </testcase>
      <testcase name="test_reduced_button_feedback_keeps_controls_still" assertions="2" status="pass" classname="tests/test_motion_policy.gd" time="0.000196" >
      </testcase>
      <testcase name="test_reduced_ambient_and_lighting_are_static_but_keep_event_feedback" assertions="6" status="pass" classname="tests/test_motion_policy.gd" time="0.179641" >
      </testcase>
      <testcase name="test_reduced_symbol_disables_idle_shader_motion_without_changing_spin_state" assertions="4" status="pass" classname="tests/test_motion_policy.gd" time="0.000598" >
      </testcase>
      <testcase name="test_reduced_value_changes_reach_exact_final_state_without_ticking" assertions="7" status="pass" classname="tests/test_motion_policy.gd" time="0.000295" >
      </testcase>
      <testcase name="test_reduced_avatar_keeps_directional_walk_frames_without_body_bob" assertions="5" status="pass" classname="tests/test_motion_policy.gd" time="0.000195" >
      </testcase>
      <testcase name="test_reduced_win_feedback_is_compact_and_self_clearing" assertions="5" status="pass" classname="tests/test_motion_policy.gd" time="0.215573" >
      </testcase>
      <testcase name="test_reduced_slot_keeps_bounded_reel_feedback_and_exact_outcome" assertions="7" status="pass" classname="tests/test_motion_policy.gd" time="0.009192" >
      </testcase>
      <testcase name="test_reduced_overlays_use_immediate_static_end_states" assertions="8" status="pass" classname="tests/test_motion_policy.gd" time="0.000957" >
      </testcase>
      </testsuite>
  <testsuite name="tests/test_presentation_boundary.gd" tests="3" failures="0" skipped="0" time="0.011647" >
      <testcase name="test_domain_layer_has_no_presentation_dependencies" assertions="187" status="pass" classname="tests/test_presentation_boundary.gd" time="0.002826" >
      </testcase>
      <testcase name="test_cabinet_definitions_do_not_embed_playable_scenes" assertions="18" status="pass" classname="tests/test_presentation_boundary.gd" time="0.000816" >
      </testcase>
      <testcase name="test_each_slot_reel_emits_a_stop_impact_without_changing_its_symbol" assertions="2" status="pass" classname="tests/test_presentation_boundary.gd" time="0.008005" >
      </testcase>
      </testsuite>
  <testsuite name="tests/test_result_impact.gd" tests="3" failures="0" skipped="0" time="0.340605" >
      <testcase name="test_each_game_starts_a_bounded_win_impact_with_its_result_sound" assertions="12" status="pass" classname="tests/test_result_impact.gd" time="0.019062" >
      </testcase>
      <testcase name="test_big_win_shake_is_bounded_and_returns_the_stage_to_origin" assertions="7" status="pass" classname="tests/test_result_impact.gd" time="0.312756" >
      </testcase>
      <testcase name="test_reduced_motion_keeps_result_audio_but_removes_stage_displacement" assertions="4" status="pass" classname="tests/test_result_impact.gd" time="0.008787" >
      </testcase>
      </testsuite>
  <testsuite name="tests/test_result_timeline.gd" tests="2" failures="0" skipped="0" time="1.624089" >
      <testcase name="test_blackjack_reveal_and_readable_beat_precede_single_settlement" assertions="17" status="pass" classname="tests/test_result_timeline.gd" time="1.207754" >
      </testcase>
      <testcase name="test_reduced_motion_vault_flip_still_finishes_before_single_settlement" assertions="13" status="pass" classname="tests/test_result_timeline.gd" time="0.416335" >
      </testcase>
      </testsuite>
  <testsuite name="tests/test_rtp_harness.gd" tests="1" failures="0" skipped="0" time="16.523114" >
      <testcase name="test_million_rounds_per_cabinet" assertions="7" status="pass" classname="tests/test_rtp_harness.gd" time="16.523114" >
      </testcase>
      </testsuite>
  <testsuite name="tests/test_services.gd" tests="8" failures="0" skipped="0" time="0.035856" >
      <testcase name="test_developer_bankroll_is_unlimited_without_polluting_the_save" assertions="7" status="pass" classname="tests/test_services.gd" time="0.005166" >
      </testcase>
      <testcase name="test_ac010_through_ac012_wallet_atomic_signals_and_rejection" assertions="12" status="pass" classname="tests/test_services.gd" time="0.000651" >
      </testcase>
      <testcase name="test_ac013_named_rng_streams_are_independent" assertions="3" status="pass" classname="tests/test_services.gd" time="0.000213" >
      </testcase>
      <testcase name="test_ac015_through_ac022_save_roundtrip_and_atomic_replacement" assertions="10" status="pass" classname="tests/test_services.gd" time="0.009638" >
      </testcase>
      <testcase name="test_corrupt_save_preserved_and_newer_save_never_overwritten" assertions="8" status="pass" classname="tests/test_services.gd" time="0.007459" >
      </testcase>
      <testcase name="test_schema_zero_migrates_in_sequence" assertions="6" status="pass" classname="tests/test_services.gd" time="0.003406" >
      </testcase>
      <testcase name="test_malformed_nested_save_recovers_without_runtime_errors" assertions="9" status="pass" classname="tests/test_services.gd" time="0.007273" >
      </testcase>
      <testcase name="test_zero_byte_existing_save_is_preserved_as_corrupt" assertions="4" status="pass" classname="tests/test_services.gd" time="0.00205" >
      </testcase>
      </testsuite>
  <testsuite name="tests/test_session.gd" tests="26" failures="0" skipped="0" time="1.842083" >
      <testcase name="test_ac001_constant_speed_in_eight_directions" assertions="16" status="pass" classname="tests/test_session.gd" time="0.004294" >
      </testcase>
      <testcase name="test_floor_avatar_animates_from_real_movement_and_keeps_facing" assertions="11" status="pass" classname="tests/test_session.gd" time="0.002964" >
      </testcase>
      <testcase name="test_floor_avatar_uses_four_real_leg_phases_at_a_walking_pace" assertions="4" status="pass" classname="tests/test_session.gd" time="0.013665" >
      </testcase>
      <testcase name="test_floor_join_dialog_is_contextual_and_can_be_dismissed" assertions="15" status="pass" classname="tests/test_session.gd" time="0.19816" >
      </testcase>
      <testcase name="test_floor_movement_help_yields_after_the_player_moves" assertions="9" status="pass" classname="tests/test_session.gd" time="0.150646" >
      </testcase>
      <testcase name="test_floor_machine_rings_are_the_real_activation_zones" assertions="6" status="pass" classname="tests/test_session.gd" time="0.017138" >
      </testcase>
      <testcase name="test_floor_machines_have_distinct_staggered_attract_loops" assertions="12" status="pass" classname="tests/test_session.gd" time="0.016441" >
      </testcase>
      <testcase name="test_nearby_machine_heightens_only_its_attract_loop" assertions="6" status="pass" classname="tests/test_session.gd" time="0.016646" >
      </testcase>
      <testcase name="test_cashier_opens_a_real_focusable_menu" assertions="7" status="pass" classname="tests/test_session.gd" time="0.033348" >
      </testcase>
      <testcase name="test_cashier_wasd_actions_move_focus_inside_modal" assertions="2" status="pass" classname="tests/test_session.gd" time="0.05001" >
      </testcase>
      <testcase name="test_cashier_repayment_picker_clamps_previews_and_confirms_selected_amount" assertions="13" status="pass" classname="tests/test_session.gd" time="0.65091" >
      </testcase>
      <testcase name="test_cashier_marker_behavior_and_safe_focus_are_preserved" assertions="4" status="pass" classname="tests/test_session.gd" time="0.033714" >
      </testcase>
      <testcase name="test_insolvent_player_gets_a_safe_area_cashier_route_until_arrival" assertions="14" status="pass" classname="tests/test_session.gd" time="0.150122" >
      </testcase>
      <testcase name="test_cashier_route_clears_as_soon_as_the_bankroll_recovers" assertions="2" status="pass" classname="tests/test_session.gd" time="0.150416" >
      </testcase>
      <testcase name="test_cashier_route_never_leaks_over_a_cabinet_or_main_menu" assertions="4" status="pass" classname="tests/test_session.gd" time="0.150936" >
      </testcase>
      <testcase name="test_floor_collision_blocks_furniture_and_prevents_tunneling" assertions="16" status="pass" classname="tests/test_session.gd" time="0.016962" >
      </testcase>
      <testcase name="test_floor_collision_slides_along_furniture_edges" assertions="2" status="pass" classname="tests/test_session.gd" time="0.016634" >
      </testcase>
      <testcase name="test_ac002_through_ac008_floor_context_result_transaction_and_return" assertions="19" status="pass" classname="tests/test_session.gd" time="0.018844" >
      </testcase>
      <testcase name="test_ac004_unaffordable_cabinet_refuses_entry" assertions="3" status="pass" classname="tests/test_session.gd" time="0.014618" >
      </testcase>
      <testcase name="test_ac009_abandon_forfeits_once_and_saves" assertions="9" status="pass" classname="tests/test_session.gd" time="0.018516" >
      </testcase>
      <testcase name="test_back_during_live_round_requires_confirmation_and_cancel_preserves_round" assertions="10" status="pass" classname="tests/test_session.gd" time="0.01708" >
      </testcase>
      <testcase name="test_confirming_live_round_exit_forfeits_once_and_returns_to_floor" assertions="9" status="pass" classname="tests/test_session.gd" time="0.016634" >
      </testcase>
      <testcase name="test_ac015_return_to_menu_saves" assertions="2" status="pass" classname="tests/test_session.gd" time="0.016604" >
      </testcase>
      <testcase name="test_ac024_contract_reward_is_independent_of_round_outcome" assertions="7" status="pass" classname="tests/test_session.gd" time="0.016755" >
      </testcase>
      <testcase name="test_ac051_locked_wings_show_lifetime_wagered_thresholds" assertions="10" status="pass" classname="tests/test_session.gd" time="0.016546" >
      </testcase>
      <testcase name="test_back_input_exits_cabinet_without_also_leaving_floor" assertions="3" status="pass" classname="tests/test_session.gd" time="0.03348" >
      </testcase>
      </testsuite>
  <testsuite name="tests/test_slot_win_cascade.gd" tests="5" failures="0" skipped="0" time="0.98351" >
      <testcase name="test_win_sequence_targets_only_symbols_that_form_the_payout" assertions="2" status="pass" classname="tests/test_slot_win_cascade.gd" time="0.000342" >
      </testcase>
      <testcase name="test_slot_win_cascade_is_bounded_and_does_not_change_symbols" assertions="16" status="pass" classname="tests/test_slot_win_cascade.gd" time="0.566894" >
      </testcase>
      <testcase name="test_third_reel_anticipation_appears_only_for_a_real_matching_setup" assertions="5" status="pass" classname="tests/test_slot_win_cascade.gd" time="0.008845" >
      </testcase>
      <testcase name="test_reduced_motion_keeps_the_win_readable_without_particle_cascade" assertions="7" status="pass" classname="tests/test_slot_win_cascade.gd" time="0.274276" >
      </testcase>
      <testcase name="test_new_spin_cancels_the_previous_result_ticker" assertions="4" status="pass" classname="tests/test_slot_win_cascade.gd" time="0.133153" >
      </testcase>
      </testsuite>
  <testsuite name="tests/test_ui.gd" tests="36" failures="0" skipped="0" time="1.326733" >
      <testcase name="test_cashier_recovery_uses_floor_waypoint_not_a_global_game_banner" assertions="1" status="pass" classname="tests/test_ui.gd" time="0.007234" >
      </testcase>
      <testcase name="test_ac042_all_runtime_labels_respect_the_body_text_floor" assertions="10" status="pass" classname="tests/test_ui.gd" time="0.002969" >
      </testcase>
      <testcase name="test_casino_ui_uses_bundled_msdf_ready_fonts" assertions="6" status="pass" classname="tests/test_ui.gd" time="0.00802" >
      </testcase>
      <testcase name="test_ac042_chips_stake_and_multiplier_use_critical_text" assertions="3" status="pass" classname="tests/test_ui.gd" time="0.00644" >
      </testcase>
      <testcase name="test_each_game_has_chip_stakes_and_contextual_help" assertions="21" status="pass" classname="tests/test_ui.gd" time="0.461914" >
      </testcase>
      <testcase name="test_hud_messages_have_bounded_reveal_and_dismiss_motion" assertions="6" status="pass" classname="tests/test_ui.gd" time="0.165156" >
      </testcase>
      <testcase name="test_global_hud_reacts_to_balance_and_contract_changes" assertions="5" status="pass" classname="tests/test_ui.gd" time="0.002793" >
      </testcase>
      <testcase name="test_reduced_motion_hud_keeps_static_transaction_feedback" assertions="4" status="pass" classname="tests/test_ui.gd" time="0.002665" >
      </testcase>
      <testcase name="test_stakes_move_between_casino_denominations" assertions="5" status="pass" classname="tests/test_ui.gd" time="0.008198" >
      </testcase>
      <testcase name="test_shared_bet_console_applies_exact_add_and_multiplier_operations" assertions="17" status="pass" classname="tests/test_ui.gd" time="0.01332" >
      </testcase>
      <testcase name="test_shared_bet_console_respects_balance_and_locks_during_rounds" assertions="13" status="pass" classname="tests/test_ui.gd" time="0.005555" >
      </testcase>
      <testcase name="test_every_game_exposes_six_semantic_bet_buttons_and_total_readout" assertions="27" status="pass" classname="tests/test_ui.gd" time="0.015562" >
      </testcase>
      <testcase name="test_bet_buttons_apply_their_operation_and_show_active_feedback" assertions="4" status="pass" classname="tests/test_ui.gd" time="0.008245" >
      </testcase>
      <testcase name="test_each_machine_has_distinct_ambient_motion" assertions="3" status="pass" classname="tests/test_ui.gd" time="0.014738" >
      </testcase>
      <testcase name="test_slot_anticipation_only_extends_a_genuine_matching_setup" assertions="2" status="pass" classname="tests/test_ui.gd" time="0.007775" >
      </testcase>
      <testcase name="test_cabinet_controls_stay_inside_horizontal_tv_safe_area" assertions="24" status="pass" classname="tests/test_ui.gd" time="0.01478" >
      </testcase>
      <testcase name="test_primary_controller_focus_and_help_focus_restore" assertions="3" status="pass" classname="tests/test_ui.gd" time="0.009465" >
      </testcase>
      <testcase name="test_m5_each_cabinet_integrates_its_generated_art" assertions="3" status="pass" classname="tests/test_ui.gd" time="0.014709" >
      </testcase>
      <testcase name="test_display_targets_render_canvas_items_at_native_resolution" assertions="11" status="pass" classname="tests/test_ui.gd" time="0.000279" >
      </testcase>
      <testcase name="test_reference_captures_keep_a_full_16_by_9_frame" assertions="9" status="pass" classname="tests/test_ui.gd" time="0.006963" >
      </testcase>
      <testcase name="test_exact_fhd_qhd_and_uhd_game_captures_are_native_resolution" assertions="18" status="pass" classname="tests/test_ui.gd" time="0.447547" >
      </testcase>
      <testcase name="test_redesigned_shell_uses_high_resolution_production_environments" assertions="8" status="pass" classname="tests/test_ui.gd" time="0.003162" >
      </testcase>
      <testcase name="test_main_menu_exposes_a_focusable_reduced_motion_setting" assertions="10" status="pass" classname="tests/test_ui.gd" time="0.002717" >
      </testcase>
      <testcase name="test_main_menu_motion_shortcut_works_for_keyboard_and_controller_action" assertions="2" status="pass" classname="tests/test_ui.gd" time="0.002573" >
      </testcase>
      <testcase name="test_reduced_motion_preference_persists_and_reloads" assertions="2" status="pass" classname="tests/test_ui.gd" time="0.001351" >
      </testcase>
      <testcase name="test_walk_atlas_has_four_phases_per_eight_directions_and_transparency" assertions="4" status="pass" classname="tests/test_ui.gd" time="0.000199" >
      </testcase>
      <testcase name="test_shared_scene_transition_and_lighting_layers_exist" assertions="5" status="pass" classname="tests/test_ui.gd" time="0.004161" >
      </testcase>
      <testcase name="test_m5_cabinet_motion_runs_in_engine" assertions="6" status="pass" classname="tests/test_ui.gd" time="0.011894" >
      </testcase>
      <testcase name="test_higgsfield_win_effect_is_sharp_and_transparent" assertions="4" status="pass" classname="tests/test_ui.gd" time="0.014644" >
      </testcase>
      <testcase name="test_slot_reels_spin_independently_and_gate_settlement" assertions="7" status="pass" classname="tests/test_ui.gd" time="0.010386" >
      </testcase>
      <testcase name="test_higgsfield_slot_symbols_are_high_resolution_and_transparent" assertions="24" status="pass" classname="tests/test_ui.gd" time="0.017873" >
      </testcase>
      <testcase name="test_slot_uses_a_full_screen_sharp_higgsfield_stage" assertions="22" status="pass" classname="tests/test_ui.gd" time="0.007811" >
      </testcase>
      <testcase name="test_slot_deck_exposes_bet_multiplier_and_return" assertions="4" status="pass" classname="tests/test_ui.gd" time="0.007961" >
      </testcase>
      <testcase name="test_blackjack_and_vault_use_distinct_full_screen_stages" assertions="19" status="pass" classname="tests/test_ui.gd" time="0.007954" >
      </testcase>
      <testcase name="test_blackjack_uses_dealt_cards_and_a_revealing_hole_card" assertions="9" status="pass" classname="tests/test_ui.gd" time="0.005111" >
      </testcase>
      <testcase name="test_vault_uses_physical_tiles_with_flip_reveals" assertions="6" status="pass" classname="tests/test_ui.gd" time="0.004609" >
      </testcase>
      </testsuite>
  <testsuite name="tests/test_vault_cashout_meter.gd" tests="7" failures="0" skipped="0" time="0.618194" >
      <testcase name="test_meter_sets_exact_values_without_motion" assertions="5" status="pass" classname="tests/test_vault_cashout_meter.gd" time="0.000191" >
      </testcase>
      <testcase name="test_meter_interpolates_and_finishes_on_exact_targets" assertions="13" status="pass" classname="tests/test_vault_cashout_meter.gd" time="0.61666" >
      </testcase>
      <testcase name="test_meter_clamps_invalid_presentation_inputs" assertions="4" status="pass" classname="tests/test_vault_cashout_meter.gd" time="0.00031" >
      </testcase>
      <testcase name="test_meter_exposes_distinct_ready_and_disabled_states" assertions="5" status="pass" classname="tests/test_vault_cashout_meter.gd" time="0.000206" >
      </testcase>
      <testcase name="test_ready_meter_keeps_a_bounded_idle_pulse_and_respects_reduced_motion" assertions="3" status="pass" classname="tests/test_vault_cashout_meter.gd" time="0.000156" >
      </testcase>
      <testcase name="test_enabling_reduced_motion_snaps_an_active_value_tween_to_its_target" assertions="7" status="pass" classname="tests/test_vault_cashout_meter.gd" time="0.000517" >
      </testcase>
      <testcase name="test_meter_tracks_decreasing_value_with_a_bounded_direction_cue" assertions="3" status="pass" classname="tests/test_vault_cashout_meter.gd" time="0.000154" >
      </testcase>
      </testsuite>
  </testsuites>